<?xml version="1.0" encoding="UTF-8"?>
<testng-results ignored="0" total="2" passed="2" failed="0" skipped="0">
  <reporter-output>
  </reporter-output>
  <suite started-at="2022-01-08T07:58:00 IST" name="FindingHospitals" finished-at="2022-01-08T08:00:11 IST" duration-ms="130601">
    <groups>
    </groups>
    <test started-at="2022-01-08T07:58:00 IST" name="SeleniumTesting" finished-at="2022-01-08T08:00:11 IST" duration-ms="130601">
      <class name="com.practo.Base">
        <test-method is-config="true" signature="reportAnalysis()[pri:0, instance:com.practo.Base@2c35e847]" started-at="2022-01-08T07:58:00 IST" name="reportAnalysis" finished-at="2022-01-08T07:58:00 IST" duration-ms="232" status="PASS">
          <reporter-output>
          </reporter-output>
        </test-method> <!-- reportAnalysis -->
        <test-method is-config="true" signature="readConfigProperties()[pri:0, instance:com.practo.Base@2c35e847]" started-at="2022-01-08T07:58:00 IST" name="readConfigProperties" finished-at="2022-01-08T07:58:06 IST" duration-ms="5957" status="PASS">
          <reporter-output>
          </reporter-output>
        </test-method> <!-- readConfigProperties -->
        <test-method is-config="true" signature="closeBrowser()[pri:0, instance:com.practo.Base@2c35e847]" started-at="2022-01-08T08:00:09 IST" name="closeBrowser" finished-at="2022-01-08T08:00:11 IST" duration-ms="2462" status="PASS">
          <reporter-output>
          </reporter-output>
        </test-method> <!-- closeBrowser -->
        <test-method is-config="true" signature="endReport()[pri:0, instance:com.practo.Base@2c35e847]" started-at="2022-01-08T08:00:11 IST" name="endReport" finished-at="2022-01-08T08:00:11 IST" duration-ms="395" status="PASS">
          <reporter-output>
          </reporter-output>
        </test-method> <!-- endReport -->
      </class> <!-- com.practo.Base -->
      <class name="testSuite.Regression">
        <test-method signature="regressiontesting()[pri:0, instance:testSuite.Regression@485966cc]" started-at="2022-01-08T07:58:18 IST" name="regressiontesting" finished-at="2022-01-08T08:00:09 IST" duration-ms="110863" status="PASS">
          <reporter-output>
          </reporter-output>
        </test-method> <!-- regressiontesting -->
      </class> <!-- testSuite.Regression -->
      <class name="testSuite.SmokeTest">
        <test-method signature="smoketesting()[pri:0, instance:testSuite.SmokeTest@5d0a1059]" started-at="2022-01-08T07:58:06 IST" name="smoketesting" finished-at="2022-01-08T07:58:18 IST" duration-ms="11208" status="PASS">
          <reporter-output>
          </reporter-output>
        </test-method> <!-- smoketesting -->
      </class> <!-- testSuite.SmokeTest -->
    </test> <!-- SeleniumTesting -->
  </suite> <!-- FindingHospitals -->
</testng-results>
